<?xml version="1.0" encoding="UTF-8"?>
<!-- Generated by org.testng.reporters.JUnitXMLReporter -->
<testsuite ignored="0" hostname="AnshiNand" failures="0" tests="1" name="Test" time="8.802" errors="0" timestamp="2026-02-04T23:05:11 IST">
  <testcase classname="tesetbase.BaseClass" name="@BeforeClass setup" time="8.684">
    <failure type="java.lang.NullPointerException">
      <![CDATA[java.lang.NullPointerException
at java.base/java.util.Objects.requireNonNull(Objects.java:233)
at java.base/java.util.ImmutableCollections$Map1.<init>(ImmutableCollections.java:1112)
at java.base/java.util.Map.of(Map.java:1365)
at org.openqa.selenium.remote.DriverCommand.GET(DriverCommand.java:249)
at org.openqa.selenium.remote.RemoteWebDriver.get(RemoteWebDriver.java:369)
at tesetbase.BaseClass.setup(BaseClass.java:46)
at java.base/java.util.ArrayList.forEach(ArrayList.java:1596)
... Removed 23 stack frames]]>
    </failure>
  </testcase> <!-- @BeforeClass setup -->
  <testcase classname="tesetbase.BaseClass" name="@AfterClass tearDown" time="0.0">
    <skipped/>
  </testcase> <!-- @AfterClass tearDown -->
  <testcase classname="testCases.TC001_AccountRegestration" name="verifyAccounrRegistration" time="0.0">
    <skipped/>
  </testcase> <!-- verifyAccounrRegistration -->
</testsuite> <!-- Test -->
