<?xml version="1.0" encoding="UTF-8"?>
<testng-results ignored="0" total="2" passed="2" failed="0" skipped="0">
  <reporter-output>
  </reporter-output>
  <suite started-at="2026-02-17T15:13:18 IST" name="master suit" finished-at="2026-02-17T15:13:28 IST" duration-ms="10561">
    <groups>
      <group name="Master">
        <method signature="TC001_AccountRegestration.verifyAccounrRegistration()[pri:0, instance:testCases.TC001_AccountRegestration@1fe20588]" name="verifyAccounrRegistration" class="testCases.TC001_AccountRegestration"/>
        <method signature="TC002_LoginTest.verify_login()[pri:0, instance:testCases.TC002_LoginTest@309e345f]" name="verify_login" class="testCases.TC002_LoginTest"/>
      </group> <!-- Master -->
      <group name="sanity">
        <method signature="TC002_LoginTest.verify_login()[pri:0, instance:testCases.TC002_LoginTest@309e345f]" name="verify_login" class="testCases.TC002_LoginTest"/>
      </group> <!-- sanity -->
      <group name="reggression">
        <method signature="TC001_AccountRegestration.verifyAccounrRegistration()[pri:0, instance:testCases.TC001_AccountRegestration@1fe20588]" name="verifyAccounrRegistration" class="testCases.TC001_AccountRegestration"/>
      </group> <!-- reggression -->
    </groups>
    <test started-at="2026-02-17T15:13:18 IST" name="chromeTest" finished-at="2026-02-17T15:13:28 IST" duration-ms="10561">
      <class name="testCases.TC002_LoginTest">
        <test-method is-config="true" signature="setup(java.lang.String,java.lang.String)[pri:0, instance:testCases.TC002_LoginTest@309e345f]" started-at="2026-02-17T15:13:25 IST" name="setup" finished-at="2026-02-17T15:13:26 IST" duration-ms="1356" status="PASS">
          <params>
            <param index="0">
              <value>
                <![CDATA[linux]]>
              </value>
            </param>
            <param index="1">
              <value>
                <![CDATA[chrome]]>
              </value>
            </param>
          </params>
          <reporter-output>
          </reporter-output>
        </test-method> <!-- setup -->
        <test-method signature="verify_login()[pri:0, instance:testCases.TC002_LoginTest@309e345f]" started-at="2026-02-17T15:13:26 IST" name="verify_login" finished-at="2026-02-17T15:13:28 IST" duration-ms="2070" status="PASS">
          <reporter-output>
          </reporter-output>
        </test-method> <!-- verify_login -->
        <test-method is-config="true" signature="tearDown()[pri:0, instance:testCases.TC002_LoginTest@309e345f]" started-at="2026-02-17T15:13:28 IST" name="tearDown" finished-at="2026-02-17T15:13:28 IST" duration-ms="86" status="PASS">
          <reporter-output>
          </reporter-output>
        </test-method> <!-- tearDown -->
      </class> <!-- testCases.TC002_LoginTest -->
      <class name="testCases.TC001_AccountRegestration">
        <test-method is-config="true" signature="setup(java.lang.String,java.lang.String)[pri:0, instance:testCases.TC001_AccountRegestration@1fe20588]" started-at="2026-02-17T15:13:18 IST" name="setup" finished-at="2026-02-17T15:13:22 IST" duration-ms="4260" status="PASS">
          <params>
            <param index="0">
              <value>
                <![CDATA[linux]]>
              </value>
            </param>
            <param index="1">
              <value>
                <![CDATA[chrome]]>
              </value>
            </param>
          </params>
          <reporter-output>
          </reporter-output>
        </test-method> <!-- setup -->
        <test-method signature="verifyAccounrRegistration()[pri:0, instance:testCases.TC001_AccountRegestration@1fe20588]" started-at="2026-02-17T15:13:22 IST" name="verifyAccounrRegistration" finished-at="2026-02-17T15:13:25 IST" duration-ms="2511" status="PASS">
          <reporter-output>
          </reporter-output>
        </test-method> <!-- verifyAccounrRegistration -->
        <test-method is-config="true" signature="tearDown()[pri:0, instance:testCases.TC001_AccountRegestration@1fe20588]" started-at="2026-02-17T15:13:25 IST" name="tearDown" finished-at="2026-02-17T15:13:25 IST" duration-ms="85" status="PASS">
          <reporter-output>
          </reporter-output>
        </test-method> <!-- tearDown -->
      </class> <!-- testCases.TC001_AccountRegestration -->
    </test> <!-- chromeTest -->
  </suite> <!-- master suit -->
</testng-results>
