<?xml version="1.0" encoding="UTF-8"?>
<testsuite xmlns:xsi="http://www.w3.org/2001/XMLSchema-instance" xsi:noNamespaceSchemaLocation="https://maven.apache.org/surefire/maven-surefire-plugin/xsd/surefire-test-report-3.0.xsd" version="3.0" name="TestSuite" time="12.515" tests="2" errors="0" skipped="0" failures="0">
  <properties>
[...]
</properties>
  <testcase name="verifyAccounrRegistration" classname="testCases.TC001_AccountRegestration" time="2.518">
    <system-out><![CDATA[===== RUNNING ON SELENIUM GRID =====
2026-02-17 15:13:22 INFO  testCases.TC001_AccountRegestration - *****starting TC001_AccountRegestration
2026-02-17 15:13:22 INFO  testCases.TC001_AccountRegestration - clicked on my account link
2026-02-17 15:13:23 INFO  testCases.TC001_AccountRegestration - clicked on regester link
2026-02-17 15:13:23 INFO  testCases.TC001_AccountRegestration - providing all the details
2026-02-17 15:13:25 INFO  testCases.TC001_AccountRegestration - validating expected message
]]></system-out>
    <system-err><![CDATA[SLF4J: Failed to load class "org.slf4j.impl.StaticLoggerBinder".
SLF4J: Defaulting to no-operation (NOP) logger implementation
SLF4J: See http://www.slf4j.org/codes.html#StaticLoggerBinder for further details.
Feb 17, 2026 3:13:18 PM org.openqa.selenium.remote.tracing.opentelemetry.OpenTelemetryTracer createTracer
INFO: Using OpenTelemetry for tracing
]]></system-err>
  </testcase>
  <testcase name="verify_login" classname="testCases.TC002_LoginTest" time="2.07">
    <system-out><![CDATA[===== RUNNING ON SELENIUM GRID =====
2026-02-17 15:13:26 INFO  testCases.TC002_LoginTest - ***starting the TC002_LoginTest test case
2026-02-17 15:13:28 INFO  testCases.TC002_LoginTest - ***finshed  TC002_LoginTest excution ******
]]></system-out>
  </testcase>
</testsuite>