<?xml version="1.0" encoding="UTF-8"?>
<!-- Generated by org.testng.reporters.JUnitReportReporter -->
<testsuite hostname="AnshiNand" failures="0" tests="2" name="testCases.TC001_AccountRegestration" time="6.110" errors="0" timestamp="2026-02-16T15:58:12 IST" skipped="0">
  <testcase classname="testCases.TC001_AccountRegestration" name="verifyAccounrRegistration" time="2.186"/>
  <testcase classname="testCases.TC001_AccountRegestration" name="verifyAccounrRegistration" time="3.924"/>
</testsuite> <!-- testCases.TC001_AccountRegestration -->
